------------------------------------------------------------------------------------------------------------------------

[2023-10-19 13:34:43 #1 store] 
Database 'C:\Users\carlo\git\Bets21\src\main\resources\bets.temp' has been recovered (tr. 86-86)

[2023-10-19 13:34:44 #2 store] 
Database 'C:\Users\carlo\git\Bets21\src\main\resources\bets.temp' is opened by 9436@DESKTOP-EUR96FK

[2023-10-19 13:34:44 #3 type] 
Type domain.Categoria is not enhanced.

[2023-10-19 13:34:44 #4 type] 
Type domain.User is not enhanced.

[2023-10-19 13:34:44 #5 type] 
Type domain.Tarjeta is not enhanced.

[2023-10-19 13:34:44 #6 type] 
Type domain.Combinada is not enhanced.

[2023-10-19 13:34:44 #7 type] 
Type domain.Historial is not enhanced.

[2023-10-19 13:34:44 #8 type] 
Type domain.Apuestas is not enhanced.

[2023-10-19 13:34:44 #9 type] 
Type domain.pronostico2 is not enhanced.

[2023-10-19 13:34:44 #10 type] 
Type domain.Question is not enhanced.

[2023-10-19 13:34:44 #11 type] 
Type domain.Event is not enhanced.

------------------------------------------------------------------------------------------------------------------------

[2023-10-19 13:42:19 #1 store] 
Database 'C:\Users\carlo\git\Bets21\src\main\resources\bets.temp' is opened by 9560@DESKTOP-EUR96FK

[2023-10-19 13:42:20 #2 type] 
Type domain.Categoria is not enhanced.

[2023-10-19 13:42:20 #3 type] 
Type domain.User is not enhanced.

[2023-10-19 13:42:20 #4 type] 
Type domain.Tarjeta is not enhanced.

[2023-10-19 13:42:20 #5 type] 
Type domain.Combinada is not enhanced.

[2023-10-19 13:42:20 #6 type] 
Type domain.Historial is not enhanced.

[2023-10-19 13:42:20 #7 type] 
Type domain.Apuestas is not enhanced.

[2023-10-19 13:42:20 #8 type] 
Type domain.pronostico2 is not enhanced.

[2023-10-19 13:42:20 #9 type] 
Type domain.Question is not enhanced.

[2023-10-19 13:42:20 #10 type] 
Type domain.Event is not enhanced.

------------------------------------------------------------------------------------------------------------------------

[2023-10-19 13:43:05 #1 store] 
Database 'C:\Users\carlo\git\Bets21\src\main\resources\bets.temp' is opened by 8424@DESKTOP-EUR96FK

[2023-10-19 13:43:05 #2 type] 
Type domain.Categoria is not enhanced.

[2023-10-19 13:43:05 #3 type] 
Type domain.User is not enhanced.

[2023-10-19 13:43:05 #4 type] 
Type domain.Tarjeta is not enhanced.

[2023-10-19 13:43:05 #5 type] 
Type domain.Combinada is not enhanced.

[2023-10-19 13:43:05 #6 type] 
Type domain.Historial is not enhanced.

[2023-10-19 13:43:05 #7 type] 
Type domain.Apuestas is not enhanced.

[2023-10-19 13:43:05 #8 type] 
Type domain.pronostico2 is not enhanced.

[2023-10-19 13:43:05 #9 type] 
Type domain.Question is not enhanced.

[2023-10-19 13:43:05 #10 type] 
Type domain.Event is not enhanced.

------------------------------------------------------------------------------------------------------------------------

[2023-10-19 13:43:33 #1 store] 
Database 'C:\Users\carlo\git\Bets21\src\main\resources\bets.temp' is opened by 268@DESKTOP-EUR96FK

[2023-10-19 13:43:34 #2 type] 
Type domain.Categoria is not enhanced.

[2023-10-19 13:43:34 #3 type] 
Type domain.User is not enhanced.

[2023-10-19 13:43:34 #4 type] 
Type domain.Tarjeta is not enhanced.

[2023-10-19 13:43:34 #5 type] 
Type domain.Combinada is not enhanced.

[2023-10-19 13:43:34 #6 type] 
Type domain.Historial is not enhanced.

[2023-10-19 13:43:34 #7 type] 
Type domain.Apuestas is not enhanced.

[2023-10-19 13:43:34 #8 type] 
Type domain.pronostico2 is not enhanced.

[2023-10-19 13:43:34 #9 type] 
Type domain.Question is not enhanced.

[2023-10-19 13:43:34 #10 type] 
Type domain.Event is not enhanced.

