------------------------------------------------------------------------------------------------------------------------

[2023-09-15 10:09:53 #1 store] 
Database 'C:\Users\carlo\OneDrive\Escritorio\UNI\3\IS2\Bets21Acabado\src\main\resources\bets.temp' is opened by 4000@DESKTOP-EUR96FK

[2023-09-15 10:09:53 #2 type] 
Type domain.Categoria is not enhanced.

[2023-09-15 10:09:53 #3 type] 
Type domain.User is not enhanced.

[2023-09-15 10:09:53 #4 type] 
Type domain.Tarjeta is not enhanced.

[2023-09-15 10:09:53 #5 type] 
Type domain.Combinada is not enhanced.

[2023-09-15 10:09:53 #6 type] 
Type domain.Historial is not enhanced.

[2023-09-15 10:09:53 #7 type] 
Type domain.Apuestas is not enhanced.

[2023-09-15 10:09:53 #8 type] 
Type domain.pronostico2 is not enhanced.

[2023-09-15 10:09:53 #9 type] 
Type domain.Question is not enhanced.

[2023-09-15 10:09:53 #10 type] 
Type domain.Event is not enhanced.

------------------------------------------------------------------------------------------------------------------------

[2023-09-15 10:12:32 #1 store] 
Database 'C:\Users\carlo\OneDrive\Escritorio\UNI\3\IS2\Bets21Acabado\src\main\resources\bets.temp' has been recovered (tr. 39-39)

[2023-09-15 10:12:32 #2 store] 
Database 'C:\Users\carlo\OneDrive\Escritorio\UNI\3\IS2\Bets21Acabado\src\main\resources\bets.temp' is opened by 6684@DESKTOP-EUR96FK

[2023-09-15 10:12:32 #3 type] 
Type domain.Categoria is not enhanced.

[2023-09-15 10:12:33 #4 type] 
Type domain.User is not enhanced.

[2023-09-15 10:12:33 #5 type] 
Type domain.Tarjeta is not enhanced.

[2023-09-15 10:12:33 #6 type] 
Type domain.Combinada is not enhanced.

[2023-09-15 10:12:33 #7 type] 
Type domain.Historial is not enhanced.

[2023-09-15 10:12:33 #8 type] 
Type domain.Apuestas is not enhanced.

[2023-09-15 10:12:33 #9 type] 
Type domain.pronostico2 is not enhanced.

[2023-09-15 10:12:33 #10 type] 
Type domain.Question is not enhanced.

[2023-09-15 10:12:33 #11 type] 
Type domain.Event is not enhanced.

------------------------------------------------------------------------------------------------------------------------

[2023-09-15 10:13:00 #1 store] 
Database 'C:\Users\carlo\OneDrive\Escritorio\UNI\3\IS2\Bets21Acabado\src\main\resources\bets.temp' is opened by 14460@DESKTOP-EUR96FK

[2023-09-15 10:13:01 #2 type] 
Type domain.Categoria is not enhanced.

[2023-09-15 10:13:01 #3 type] 
Type domain.User is not enhanced.

[2023-09-15 10:13:01 #4 type] 
Type domain.Tarjeta is not enhanced.

[2023-09-15 10:13:01 #5 type] 
Type domain.Combinada is not enhanced.

[2023-09-15 10:13:01 #6 type] 
Type domain.Historial is not enhanced.

[2023-09-15 10:13:01 #7 type] 
Type domain.Apuestas is not enhanced.

[2023-09-15 10:13:01 #8 type] 
Type domain.pronostico2 is not enhanced.

[2023-09-15 10:13:01 #9 type] 
Type domain.Question is not enhanced.

[2023-09-15 10:13:01 #10 type] 
Type domain.Event is not enhanced.

------------------------------------------------------------------------------------------------------------------------

[2023-09-15 10:16:40 #1 store] 
Database 'C:\Users\carlo\OneDrive\Escritorio\UNI\3\IS2\Bets21Acabado\src\main\resources\bets.temp' is opened by 13148@DESKTOP-EUR96FK

[2023-09-15 10:16:41 #2 type] 
Type domain.Categoria is not enhanced.

[2023-09-15 10:16:41 #3 type] 
Type domain.User is not enhanced.

[2023-09-15 10:16:41 #4 type] 
Type domain.Tarjeta is not enhanced.

[2023-09-15 10:16:41 #5 type] 
Type domain.Combinada is not enhanced.

[2023-09-15 10:16:41 #6 type] 
Type domain.Historial is not enhanced.

[2023-09-15 10:16:41 #7 type] 
Type domain.Apuestas is not enhanced.

[2023-09-15 10:16:41 #8 type] 
Type domain.pronostico2 is not enhanced.

[2023-09-15 10:16:41 #9 type] 
Type domain.Question is not enhanced.

[2023-09-15 10:16:41 #10 type] 
Type domain.Event is not enhanced.

------------------------------------------------------------------------------------------------------------------------

[2023-09-15 10:17:51 #1 store] 
Database 'C:\Users\carlo\OneDrive\Escritorio\UNI\3\IS2\Bets21Acabado\src\main\resources\bets.temp' is opened by 1688@DESKTOP-EUR96FK

[2023-09-15 10:17:51 #2 type.registry] 
New type domain.Categoria

[2023-09-15 10:17:51 #3 type] 
Type domain.Categoria is not enhanced.

[2023-09-15 10:17:51 #4 type.registry] 
New type java.util.Vector<java.lang.String>

[2023-09-15 10:17:51 #5 type.registry] 
New type domain.User

[2023-09-15 10:17:51 #6 type] 
Type domain.User is not enhanced.

[2023-09-15 10:17:51 #7 type.registry] 
New type domain.Tarjeta

[2023-09-15 10:17:51 #8 type.registry] 
New type java.util.Vector<domain.Tarjeta>

[2023-09-15 10:17:51 #9 type.registry] 
New type domain.Combinada

[2023-09-15 10:17:51 #10 type.registry] 
New type java.util.Vector<domain.Combinada>

[2023-09-15 10:17:51 #11 type.registry] 
New type domain.Historial

[2023-09-15 10:17:51 #12 type.registry] 
New type domain.Apuestas

[2023-09-15 10:17:51 #13 type.registry] 
New type java.util.Vector<domain.Apuestas>

[2023-09-15 10:17:51 #14 type] 
Type domain.Tarjeta is not enhanced.

[2023-09-15 10:17:51 #15 type] 
Type domain.Combinada is not enhanced.

[2023-09-15 10:17:51 #16 type] 
Type domain.Historial is not enhanced.

[2023-09-15 10:17:51 #17 type] 
Type domain.Apuestas is not enhanced.

[2023-09-15 10:17:51 #18 type.registry] 
New type domain.pronostico2

[2023-09-15 10:17:51 #19 type] 
Type domain.pronostico2 is not enhanced.

[2023-09-15 10:17:51 #20 type.registry] 
New type domain.Question

[2023-09-15 10:17:51 #21 type] 
Type domain.Question is not enhanced.

[2023-09-15 10:17:51 #22 type.registry] 
New type java.util.Vector<domain.pronostico2>

[2023-09-15 10:17:51 #23 type.registry] 
New type domain.Event

[2023-09-15 10:17:51 #24 type] 
Type domain.Event is not enhanced.

[2023-09-15 10:17:51 #25 type.registry] 
New type java.util.Vector<domain.Question>

[2023-09-15 10:17:51 #26 type.registry] 
New type java.util.Vector<java.lang.Object>

------------------------------------------------------------------------------------------------------------------------

[2023-09-15 10:19:14 #1 store] 
Database 'C:\Users\carlo\OneDrive\Escritorio\UNI\3\IS2\Bets21Acabado\src\main\resources\bets.temp' is opened by 13260@DESKTOP-EUR96FK

[2023-09-15 10:19:14 #2 type.registry] 
New type domain.Categoria

[2023-09-15 10:19:14 #3 type] 
Type domain.Categoria is not enhanced.

[2023-09-15 10:19:14 #4 type.registry] 
New type java.util.Vector<java.lang.String>

[2023-09-15 10:19:14 #5 type.registry] 
New type domain.User

[2023-09-15 10:19:14 #6 type] 
Type domain.User is not enhanced.

[2023-09-15 10:19:14 #7 type.registry] 
New type domain.Tarjeta

[2023-09-15 10:19:14 #8 type.registry] 
New type java.util.Vector<domain.Tarjeta>

[2023-09-15 10:19:14 #9 type.registry] 
New type domain.Combinada

[2023-09-15 10:19:14 #10 type.registry] 
New type java.util.Vector<domain.Combinada>

[2023-09-15 10:19:14 #11 type.registry] 
New type domain.Historial

[2023-09-15 10:19:14 #12 type.registry] 
New type domain.Apuestas

[2023-09-15 10:19:14 #13 type.registry] 
New type java.util.Vector<domain.Apuestas>

[2023-09-15 10:19:14 #14 type] 
Type domain.Tarjeta is not enhanced.

[2023-09-15 10:19:14 #15 type] 
Type domain.Combinada is not enhanced.

[2023-09-15 10:19:14 #16 type] 
Type domain.Historial is not enhanced.

[2023-09-15 10:19:14 #17 type] 
Type domain.Apuestas is not enhanced.

[2023-09-15 10:19:14 #18 type.registry] 
New type domain.pronostico2

[2023-09-15 10:19:14 #19 type] 
Type domain.pronostico2 is not enhanced.

[2023-09-15 10:19:14 #20 type.registry] 
New type domain.Question

[2023-09-15 10:19:14 #21 type] 
Type domain.Question is not enhanced.

[2023-09-15 10:19:14 #22 type.registry] 
New type java.util.Vector<domain.pronostico2>

[2023-09-15 10:19:14 #23 type.registry] 
New type domain.Event

[2023-09-15 10:19:14 #24 type] 
Type domain.Event is not enhanced.

[2023-09-15 10:19:14 #25 type.registry] 
New type java.util.Vector<domain.Question>

[2023-09-15 10:19:14 #26 type.registry] 
New type java.util.Vector<java.lang.Object>

------------------------------------------------------------------------------------------------------------------------

[2023-09-15 10:19:51 #1 store] 
Database 'C:\Users\carlo\OneDrive\Escritorio\UNI\3\IS2\Bets21Acabado\src\main\resources\bets.temp' is opened by 11636@DESKTOP-EUR96FK

[2023-09-15 10:19:52 #2 type.registry] 
New type domain.Categoria

[2023-09-15 10:19:52 #3 type] 
Type domain.Categoria is not enhanced.

[2023-09-15 10:19:52 #4 type.registry] 
New type java.util.Vector<java.lang.String>

[2023-09-15 10:19:52 #5 type.registry] 
New type domain.User

[2023-09-15 10:19:52 #6 type] 
Type domain.User is not enhanced.

[2023-09-15 10:19:52 #7 type.registry] 
New type domain.Tarjeta

[2023-09-15 10:19:52 #8 type.registry] 
New type java.util.Vector<domain.Tarjeta>

[2023-09-15 10:19:52 #9 type.registry] 
New type domain.Combinada

[2023-09-15 10:19:52 #10 type.registry] 
New type java.util.Vector<domain.Combinada>

[2023-09-15 10:19:52 #11 type.registry] 
New type domain.Historial

[2023-09-15 10:19:52 #12 type.registry] 
New type domain.Apuestas

[2023-09-15 10:19:52 #13 type.registry] 
New type java.util.Vector<domain.Apuestas>

[2023-09-15 10:19:52 #14 type] 
Type domain.Tarjeta is not enhanced.

[2023-09-15 10:19:52 #15 type] 
Type domain.Combinada is not enhanced.

[2023-09-15 10:19:52 #16 type] 
Type domain.Historial is not enhanced.

[2023-09-15 10:19:52 #17 type] 
Type domain.Apuestas is not enhanced.

[2023-09-15 10:19:52 #18 type.registry] 
New type domain.pronostico2

[2023-09-15 10:19:52 #19 type] 
Type domain.pronostico2 is not enhanced.

[2023-09-15 10:19:52 #20 type.registry] 
New type domain.Question

[2023-09-15 10:19:52 #21 type] 
Type domain.Question is not enhanced.

[2023-09-15 10:19:52 #22 type.registry] 
New type java.util.Vector<domain.pronostico2>

[2023-09-15 10:19:52 #23 type.registry] 
New type domain.Event

[2023-09-15 10:19:52 #24 type] 
Type domain.Event is not enhanced.

[2023-09-15 10:19:52 #25 type.registry] 
New type java.util.Vector<domain.Question>

[2023-09-15 10:19:52 #26 type.registry] 
New type java.util.Vector<java.lang.Object>

