------------------------------------------------------------------------------------------------------------------------

[2023-10-18 19:22:28 #1 store] 
Database 'C:\Users\carlo\git\Bets21\src\main\resources\bets.temp' has been recovered (tr. 44-48)

[2023-10-18 19:22:28 #2 store] 
Database 'C:\Users\carlo\git\Bets21\src\main\resources\bets.temp' is opened by 11808@DESKTOP-EUR96FK

[2023-10-18 19:22:28 #3 type] 
Type domain.Categoria is not enhanced.

[2023-10-18 19:22:28 #4 type] 
Type domain.User is not enhanced.

[2023-10-18 19:22:28 #5 type] 
Type domain.Tarjeta is not enhanced.

[2023-10-18 19:22:28 #6 type] 
Type domain.Combinada is not enhanced.

[2023-10-18 19:22:28 #7 type] 
Type domain.Historial is not enhanced.

[2023-10-18 19:22:28 #8 type] 
Type domain.Apuestas is not enhanced.

[2023-10-18 19:22:28 #9 type] 
Type domain.pronostico2 is not enhanced.

[2023-10-18 19:22:29 #10 type] 
Type domain.Question is not enhanced.

[2023-10-18 19:22:29 #11 type] 
Type domain.Event is not enhanced.

------------------------------------------------------------------------------------------------------------------------

[2023-10-18 19:22:56 #1 store] 
Database 'C:\Users\carlo\git\Bets21\src\main\resources\bets.temp' is opened by 7428@DESKTOP-EUR96FK

[2023-10-18 19:22:56 #2 type] 
Type domain.Categoria is not enhanced.

[2023-10-18 19:22:56 #3 type] 
Type domain.User is not enhanced.

[2023-10-18 19:22:56 #4 type] 
Type domain.Tarjeta is not enhanced.

[2023-10-18 19:22:56 #5 type] 
Type domain.Combinada is not enhanced.

[2023-10-18 19:22:56 #6 type] 
Type domain.Historial is not enhanced.

[2023-10-18 19:22:56 #7 type] 
Type domain.Apuestas is not enhanced.

[2023-10-18 19:22:56 #8 type] 
Type domain.pronostico2 is not enhanced.

[2023-10-18 19:22:56 #9 type] 
Type domain.Question is not enhanced.

[2023-10-18 19:22:56 #10 type] 
Type domain.Event is not enhanced.

------------------------------------------------------------------------------------------------------------------------

[2023-10-18 19:28:14 #1 store] 
Database 'C:\Users\carlo\git\Bets21\src\main\resources\bets.temp' is opened by 13728@DESKTOP-EUR96FK

[2023-10-18 19:28:14 #2 type] 
Type domain.Categoria is not enhanced.

[2023-10-18 19:28:14 #3 type] 
Type domain.User is not enhanced.

[2023-10-18 19:28:14 #4 type] 
Type domain.Tarjeta is not enhanced.

[2023-10-18 19:28:14 #5 type] 
Type domain.Combinada is not enhanced.

[2023-10-18 19:28:14 #6 type] 
Type domain.Historial is not enhanced.

[2023-10-18 19:28:14 #7 type] 
Type domain.Apuestas is not enhanced.

[2023-10-18 19:28:14 #8 type] 
Type domain.pronostico2 is not enhanced.

[2023-10-18 19:28:14 #9 type] 
Type domain.Question is not enhanced.

[2023-10-18 19:28:14 #10 type] 
Type domain.Event is not enhanced.

------------------------------------------------------------------------------------------------------------------------

[2023-10-18 19:37:01 #1 store] 
Database 'C:\Users\carlo\git\Bets21\src\main\resources\bets.temp' is opened by 10940@DESKTOP-EUR96FK

[2023-10-18 19:37:01 #2 type] 
Type domain.Categoria is not enhanced.

[2023-10-18 19:37:01 #3 type] 
Type domain.User is not enhanced.

[2023-10-18 19:37:01 #4 type] 
Type domain.Tarjeta is not enhanced.

[2023-10-18 19:37:01 #5 type] 
Type domain.Combinada is not enhanced.

[2023-10-18 19:37:01 #6 type] 
Type domain.Historial is not enhanced.

[2023-10-18 19:37:01 #7 type] 
Type domain.Apuestas is not enhanced.

[2023-10-18 19:37:01 #8 type] 
Type domain.pronostico2 is not enhanced.

[2023-10-18 19:37:01 #9 type] 
Type domain.Question is not enhanced.

[2023-10-18 19:37:01 #10 type] 
Type domain.Event is not enhanced.

------------------------------------------------------------------------------------------------------------------------

[2023-10-18 19:38:50 #1 store] 
Database 'C:\Users\carlo\git\Bets21\src\main\resources\bets.temp' is opened by 12384@DESKTOP-EUR96FK

[2023-10-18 19:38:51 #2 type] 
Type domain.Categoria is not enhanced.

[2023-10-18 19:38:51 #3 type] 
Type domain.User is not enhanced.

[2023-10-18 19:38:51 #4 type] 
Type domain.Tarjeta is not enhanced.

[2023-10-18 19:38:51 #5 type] 
Type domain.Combinada is not enhanced.

[2023-10-18 19:38:51 #6 type] 
Type domain.Historial is not enhanced.

[2023-10-18 19:38:51 #7 type] 
Type domain.Apuestas is not enhanced.

[2023-10-18 19:38:51 #8 type] 
Type domain.pronostico2 is not enhanced.

[2023-10-18 19:38:51 #9 type] 
Type domain.Question is not enhanced.

[2023-10-18 19:38:51 #10 type] 
Type domain.Event is not enhanced.

------------------------------------------------------------------------------------------------------------------------

[2023-10-18 19:40:06 #1 store] 
Database 'C:\Users\carlo\git\Bets21\src\main\resources\bets.temp' is opened by 2916@DESKTOP-EUR96FK

[2023-10-18 19:40:06 #2 type] 
Type domain.Categoria is not enhanced.

[2023-10-18 19:40:06 #3 type] 
Type domain.User is not enhanced.

[2023-10-18 19:40:06 #4 type] 
Type domain.Tarjeta is not enhanced.

[2023-10-18 19:40:06 #5 type] 
Type domain.Combinada is not enhanced.

[2023-10-18 19:40:06 #6 type] 
Type domain.Historial is not enhanced.

[2023-10-18 19:40:06 #7 type] 
Type domain.Apuestas is not enhanced.

[2023-10-18 19:40:06 #8 type] 
Type domain.pronostico2 is not enhanced.

[2023-10-18 19:40:06 #9 type] 
Type domain.Question is not enhanced.

[2023-10-18 19:40:06 #10 type] 
Type domain.Event is not enhanced.

------------------------------------------------------------------------------------------------------------------------

[2023-10-18 19:40:42 #1 store] 
Database 'C:\Users\carlo\git\Bets21\src\main\resources\bets.temp' is opened by 14088@DESKTOP-EUR96FK

[2023-10-18 19:40:43 #2 type] 
Type domain.Categoria is not enhanced.

[2023-10-18 19:40:43 #3 type] 
Type domain.User is not enhanced.

[2023-10-18 19:40:43 #4 type] 
Type domain.Tarjeta is not enhanced.

[2023-10-18 19:40:43 #5 type] 
Type domain.Combinada is not enhanced.

[2023-10-18 19:40:43 #6 type] 
Type domain.Historial is not enhanced.

[2023-10-18 19:40:43 #7 type] 
Type domain.Apuestas is not enhanced.

[2023-10-18 19:40:43 #8 type] 
Type domain.pronostico2 is not enhanced.

[2023-10-18 19:40:43 #9 type] 
Type domain.Question is not enhanced.

[2023-10-18 19:40:43 #10 type] 
Type domain.Event is not enhanced.

------------------------------------------------------------------------------------------------------------------------

[2023-10-18 19:41:10 #1 store] 
Database 'C:\Users\carlo\git\Bets21\src\main\resources\bets.temp' is opened by 11044@DESKTOP-EUR96FK

[2023-10-18 19:41:10 #2 type] 
Type domain.Categoria is not enhanced.

[2023-10-18 19:41:10 #3 type] 
Type domain.User is not enhanced.

[2023-10-18 19:41:10 #4 type] 
Type domain.Tarjeta is not enhanced.

[2023-10-18 19:41:10 #5 type] 
Type domain.Combinada is not enhanced.

[2023-10-18 19:41:10 #6 type] 
Type domain.Historial is not enhanced.

[2023-10-18 19:41:10 #7 type] 
Type domain.Apuestas is not enhanced.

[2023-10-18 19:41:10 #8 type] 
Type domain.pronostico2 is not enhanced.

[2023-10-18 19:41:10 #9 type] 
Type domain.Question is not enhanced.

[2023-10-18 19:41:10 #10 type] 
Type domain.Event is not enhanced.

------------------------------------------------------------------------------------------------------------------------

[2023-10-18 19:41:31 #1 store] 
Database 'C:\Users\carlo\git\Bets21\src\main\resources\bets.temp' is opened by 12120@DESKTOP-EUR96FK

[2023-10-18 19:41:31 #2 type] 
Type domain.Categoria is not enhanced.

[2023-10-18 19:41:31 #3 type] 
Type domain.User is not enhanced.

[2023-10-18 19:41:31 #4 type] 
Type domain.Tarjeta is not enhanced.

[2023-10-18 19:41:31 #5 type] 
Type domain.Combinada is not enhanced.

[2023-10-18 19:41:31 #6 type] 
Type domain.Historial is not enhanced.

[2023-10-18 19:41:31 #7 type] 
Type domain.Apuestas is not enhanced.

[2023-10-18 19:41:31 #8 type] 
Type domain.pronostico2 is not enhanced.

[2023-10-18 19:41:31 #9 type] 
Type domain.Question is not enhanced.

[2023-10-18 19:41:31 #10 type] 
Type domain.Event is not enhanced.

------------------------------------------------------------------------------------------------------------------------

[2023-10-18 19:43:59 #1 store] 
Database 'C:\Users\carlo\git\Bets21\src\main\resources\bets.temp' is opened by 13468@DESKTOP-EUR96FK

[2023-10-18 19:43:59 #2 type] 
Type domain.Categoria is not enhanced.

[2023-10-18 19:43:59 #3 type] 
Type domain.User is not enhanced.

[2023-10-18 19:43:59 #4 type] 
Type domain.Tarjeta is not enhanced.

[2023-10-18 19:43:59 #5 type] 
Type domain.Combinada is not enhanced.

[2023-10-18 19:43:59 #6 type] 
Type domain.Historial is not enhanced.

[2023-10-18 19:43:59 #7 type] 
Type domain.Apuestas is not enhanced.

[2023-10-18 19:43:59 #8 type] 
Type domain.pronostico2 is not enhanced.

[2023-10-18 19:43:59 #9 type] 
Type domain.Question is not enhanced.

[2023-10-18 19:44:00 #10 type] 
Type domain.Event is not enhanced.

------------------------------------------------------------------------------------------------------------------------

[2023-10-18 19:46:28 #1 store] 
Database 'C:\Users\carlo\git\Bets21\src\main\resources\bets.temp' is opened by 11732@DESKTOP-EUR96FK

[2023-10-18 19:46:29 #2 type] 
Type domain.Categoria is not enhanced.

[2023-10-18 19:46:29 #3 type] 
Type domain.User is not enhanced.

[2023-10-18 19:46:29 #4 type] 
Type domain.Tarjeta is not enhanced.

[2023-10-18 19:46:29 #5 type] 
Type domain.Combinada is not enhanced.

[2023-10-18 19:46:29 #6 type] 
Type domain.Historial is not enhanced.

[2023-10-18 19:46:29 #7 type] 
Type domain.Apuestas is not enhanced.

[2023-10-18 19:46:29 #8 type] 
Type domain.pronostico2 is not enhanced.

[2023-10-18 19:46:29 #9 type] 
Type domain.Question is not enhanced.

[2023-10-18 19:46:29 #10 type] 
Type domain.Event is not enhanced.

------------------------------------------------------------------------------------------------------------------------

[2023-10-18 19:46:47 #1 store] 
Database 'C:\Users\carlo\git\Bets21\src\main\resources\bets.temp' has been recovered (tr. 49-50)

[2023-10-18 19:46:47 #2 store] 
Database 'C:\Users\carlo\git\Bets21\src\main\resources\bets.temp' is opened by 4256@DESKTOP-EUR96FK

[2023-10-18 19:46:47 #3 type] 
Type domain.Categoria is not enhanced.

[2023-10-18 19:46:47 #4 type] 
Type domain.User is not enhanced.

[2023-10-18 19:46:47 #5 type] 
Type domain.Tarjeta is not enhanced.

[2023-10-18 19:46:47 #6 type] 
Type domain.Combinada is not enhanced.

[2023-10-18 19:46:47 #7 type] 
Type domain.Historial is not enhanced.

[2023-10-18 19:46:47 #8 type] 
Type domain.Apuestas is not enhanced.

[2023-10-18 19:46:47 #9 type] 
Type domain.pronostico2 is not enhanced.

[2023-10-18 19:46:47 #10 type] 
Type domain.Question is not enhanced.

[2023-10-18 19:46:47 #11 type] 
Type domain.Event is not enhanced.

------------------------------------------------------------------------------------------------------------------------

[2023-10-18 19:48:19 #1 store] 
Database 'C:\Users\carlo\git\Bets21\src\main\resources\bets.temp' is opened by 6656@DESKTOP-EUR96FK

[2023-10-18 19:48:19 #2 type] 
Type domain.Categoria is not enhanced.

[2023-10-18 19:48:19 #3 type] 
Type domain.User is not enhanced.

[2023-10-18 19:48:19 #4 type] 
Type domain.Tarjeta is not enhanced.

[2023-10-18 19:48:19 #5 type] 
Type domain.Combinada is not enhanced.

[2023-10-18 19:48:19 #6 type] 
Type domain.Historial is not enhanced.

[2023-10-18 19:48:19 #7 type] 
Type domain.Apuestas is not enhanced.

[2023-10-18 19:48:19 #8 type] 
Type domain.pronostico2 is not enhanced.

[2023-10-18 19:48:19 #9 type] 
Type domain.Question is not enhanced.

[2023-10-18 19:48:19 #10 type] 
Type domain.Event is not enhanced.

------------------------------------------------------------------------------------------------------------------------

[2023-10-18 19:48:48 #1 store] 
Database 'C:\Users\carlo\git\Bets21\src\main\resources\bets.temp' is opened by 864@DESKTOP-EUR96FK

[2023-10-18 19:48:48 #2 type] 
Type domain.Categoria is not enhanced.

[2023-10-18 19:48:48 #3 type] 
Type domain.User is not enhanced.

[2023-10-18 19:48:48 #4 type] 
Type domain.Tarjeta is not enhanced.

[2023-10-18 19:48:48 #5 type] 
Type domain.Combinada is not enhanced.

[2023-10-18 19:48:48 #6 type] 
Type domain.Historial is not enhanced.

[2023-10-18 19:48:48 #7 type] 
Type domain.Apuestas is not enhanced.

[2023-10-18 19:48:48 #8 type] 
Type domain.pronostico2 is not enhanced.

[2023-10-18 19:48:48 #9 type] 
Type domain.Question is not enhanced.

[2023-10-18 19:48:48 #10 type] 
Type domain.Event is not enhanced.

------------------------------------------------------------------------------------------------------------------------

[2023-10-18 19:49:14 #1 store] 
Database 'C:\Users\carlo\git\Bets21\src\main\resources\bets.temp' is opened by 16228@DESKTOP-EUR96FK

[2023-10-18 19:49:15 #2 type] 
Type domain.Categoria is not enhanced.

[2023-10-18 19:49:15 #3 type] 
Type domain.User is not enhanced.

[2023-10-18 19:49:15 #4 type] 
Type domain.Tarjeta is not enhanced.

[2023-10-18 19:49:15 #5 type] 
Type domain.Combinada is not enhanced.

[2023-10-18 19:49:15 #6 type] 
Type domain.Historial is not enhanced.

[2023-10-18 19:49:15 #7 type] 
Type domain.Apuestas is not enhanced.

[2023-10-18 19:49:15 #8 type] 
Type domain.pronostico2 is not enhanced.

[2023-10-18 19:49:15 #9 type] 
Type domain.Question is not enhanced.

[2023-10-18 19:49:15 #10 type] 
Type domain.Event is not enhanced.

------------------------------------------------------------------------------------------------------------------------

[2023-10-18 19:49:56 #1 store] 
Database 'C:\Users\carlo\git\Bets21\src\main\resources\bets.temp' is opened by 13636@DESKTOP-EUR96FK

[2023-10-18 19:49:56 #2 type] 
Type domain.Categoria is not enhanced.

[2023-10-18 19:49:56 #3 type] 
Type domain.User is not enhanced.

[2023-10-18 19:49:56 #4 type] 
Type domain.Tarjeta is not enhanced.

[2023-10-18 19:49:56 #5 type] 
Type domain.Combinada is not enhanced.

[2023-10-18 19:49:56 #6 type] 
Type domain.Historial is not enhanced.

[2023-10-18 19:49:56 #7 type] 
Type domain.Apuestas is not enhanced.

[2023-10-18 19:49:56 #8 type] 
Type domain.pronostico2 is not enhanced.

[2023-10-18 19:49:56 #9 type] 
Type domain.Question is not enhanced.

[2023-10-18 19:49:56 #10 type] 
Type domain.Event is not enhanced.

------------------------------------------------------------------------------------------------------------------------

[2023-10-18 19:52:04 #1 store] 
Database 'C:\Users\carlo\git\Bets21\src\main\resources\bets.temp' is opened by 16460@DESKTOP-EUR96FK

[2023-10-18 19:52:04 #2 type] 
Type domain.Categoria is not enhanced.

[2023-10-18 19:52:04 #3 type] 
Type domain.User is not enhanced.

[2023-10-18 19:52:04 #4 type] 
Type domain.Tarjeta is not enhanced.

[2023-10-18 19:52:04 #5 type] 
Type domain.Combinada is not enhanced.

[2023-10-18 19:52:04 #6 type] 
Type domain.Historial is not enhanced.

[2023-10-18 19:52:04 #7 type] 
Type domain.Apuestas is not enhanced.

[2023-10-18 19:52:04 #8 type] 
Type domain.pronostico2 is not enhanced.

[2023-10-18 19:52:04 #9 type] 
Type domain.Question is not enhanced.

[2023-10-18 19:52:04 #10 type] 
Type domain.Event is not enhanced.

------------------------------------------------------------------------------------------------------------------------

[2023-10-18 19:52:37 #1 store] 
Database 'C:\Users\carlo\git\Bets21\src\main\resources\bets.temp' has been recovered (tr. 52-52)

[2023-10-18 19:52:37 #2 store] 
Database 'C:\Users\carlo\git\Bets21\src\main\resources\bets.temp' is opened by 2592@DESKTOP-EUR96FK

[2023-10-18 19:52:37 #3 type] 
Type domain.Categoria is not enhanced.

[2023-10-18 19:52:37 #4 type] 
Type domain.User is not enhanced.

[2023-10-18 19:52:37 #5 type] 
Type domain.Tarjeta is not enhanced.

[2023-10-18 19:52:37 #6 type] 
Type domain.Combinada is not enhanced.

[2023-10-18 19:52:37 #7 type] 
Type domain.Historial is not enhanced.

[2023-10-18 19:52:37 #8 type] 
Type domain.Apuestas is not enhanced.

[2023-10-18 19:52:37 #9 type] 
Type domain.pronostico2 is not enhanced.

[2023-10-18 19:52:37 #10 type] 
Type domain.Question is not enhanced.

[2023-10-18 19:52:37 #11 type] 
Type domain.Event is not enhanced.

------------------------------------------------------------------------------------------------------------------------

[2023-10-18 19:53:47 #1 store] 
Database 'C:\Users\carlo\git\Bets21\src\main\resources\bets.temp' is opened by 3052@DESKTOP-EUR96FK

[2023-10-18 19:53:47 #2 type] 
Type domain.Categoria is not enhanced.

[2023-10-18 19:53:47 #3 type] 
Type domain.User is not enhanced.

[2023-10-18 19:53:47 #4 type] 
Type domain.Tarjeta is not enhanced.

[2023-10-18 19:53:47 #5 type] 
Type domain.Combinada is not enhanced.

[2023-10-18 19:53:47 #6 type] 
Type domain.Historial is not enhanced.

[2023-10-18 19:53:47 #7 type] 
Type domain.Apuestas is not enhanced.

[2023-10-18 19:53:47 #8 type] 
Type domain.pronostico2 is not enhanced.

[2023-10-18 19:53:48 #9 type] 
Type domain.Question is not enhanced.

[2023-10-18 19:53:48 #10 type] 
Type domain.Event is not enhanced.

------------------------------------------------------------------------------------------------------------------------

[2023-10-18 19:54:08 #1 store] 
Database 'C:\Users\carlo\git\Bets21\src\main\resources\bets.temp' is opened by 16668@DESKTOP-EUR96FK

[2023-10-18 19:54:09 #2 type] 
Type domain.Categoria is not enhanced.

[2023-10-18 19:54:09 #3 type] 
Type domain.User is not enhanced.

[2023-10-18 19:54:09 #4 type] 
Type domain.Tarjeta is not enhanced.

[2023-10-18 19:54:09 #5 type] 
Type domain.Combinada is not enhanced.

[2023-10-18 19:54:09 #6 type] 
Type domain.Historial is not enhanced.

[2023-10-18 19:54:09 #7 type] 
Type domain.Apuestas is not enhanced.

[2023-10-18 19:54:09 #8 type] 
Type domain.pronostico2 is not enhanced.

[2023-10-18 19:54:09 #9 type] 
Type domain.Question is not enhanced.

[2023-10-18 19:54:09 #10 type] 
Type domain.Event is not enhanced.

------------------------------------------------------------------------------------------------------------------------

[2023-10-18 19:55:00 #1 store] 
Database 'C:\Users\carlo\git\Bets21\src\main\resources\bets.temp' is opened by 14104@DESKTOP-EUR96FK

[2023-10-18 19:55:01 #2 type] 
Type domain.Categoria is not enhanced.

[2023-10-18 19:55:01 #3 type] 
Type domain.User is not enhanced.

[2023-10-18 19:55:01 #4 type] 
Type domain.Tarjeta is not enhanced.

[2023-10-18 19:55:01 #5 type] 
Type domain.Combinada is not enhanced.

[2023-10-18 19:55:01 #6 type] 
Type domain.Historial is not enhanced.

[2023-10-18 19:55:01 #7 type] 
Type domain.Apuestas is not enhanced.

[2023-10-18 19:55:01 #8 type] 
Type domain.pronostico2 is not enhanced.

[2023-10-18 19:55:01 #9 type] 
Type domain.Question is not enhanced.

[2023-10-18 19:55:01 #10 type] 
Type domain.Event is not enhanced.

------------------------------------------------------------------------------------------------------------------------

[2023-10-18 19:55:29 #1 store] 
Database 'C:\Users\carlo\git\Bets21\src\main\resources\bets.temp' has been recovered (tr. 54-54)

[2023-10-18 19:55:29 #2 store] 
Database 'C:\Users\carlo\git\Bets21\src\main\resources\bets.temp' is opened by 6260@DESKTOP-EUR96FK

[2023-10-18 19:55:30 #3 type] 
Type domain.Categoria is not enhanced.

[2023-10-18 19:55:30 #4 type] 
Type domain.User is not enhanced.

[2023-10-18 19:55:30 #5 type] 
Type domain.Tarjeta is not enhanced.

[2023-10-18 19:55:30 #6 type] 
Type domain.Combinada is not enhanced.

[2023-10-18 19:55:30 #7 type] 
Type domain.Historial is not enhanced.

[2023-10-18 19:55:30 #8 type] 
Type domain.Apuestas is not enhanced.

[2023-10-18 19:55:30 #9 type] 
Type domain.pronostico2 is not enhanced.

[2023-10-18 19:55:30 #10 type] 
Type domain.Question is not enhanced.

[2023-10-18 19:55:30 #11 type] 
Type domain.Event is not enhanced.

------------------------------------------------------------------------------------------------------------------------

[2023-10-18 19:58:08 #1 store] 
Database 'C:\Users\carlo\git\Bets21\src\main\resources\bets.temp' has been recovered (tr. 56-56)

[2023-10-18 19:58:09 #2 store] 
Database 'C:\Users\carlo\git\Bets21\src\main\resources\bets.temp' is opened by 3748@DESKTOP-EUR96FK

[2023-10-18 19:58:09 #3 type] 
Type domain.Categoria is not enhanced.

[2023-10-18 19:58:09 #4 type] 
Type domain.User is not enhanced.

[2023-10-18 19:58:09 #5 type] 
Type domain.Tarjeta is not enhanced.

[2023-10-18 19:58:09 #6 type] 
Type domain.Combinada is not enhanced.

[2023-10-18 19:58:09 #7 type] 
Type domain.Historial is not enhanced.

[2023-10-18 19:58:09 #8 type] 
Type domain.Apuestas is not enhanced.

[2023-10-18 19:58:09 #9 type] 
Type domain.pronostico2 is not enhanced.

[2023-10-18 19:58:09 #10 type] 
Type domain.Question is not enhanced.

[2023-10-18 19:58:09 #11 type] 
Type domain.Event is not enhanced.

------------------------------------------------------------------------------------------------------------------------

[2023-10-18 19:59:08 #1 store] 
Database 'C:\Users\carlo\git\Bets21\src\main\resources\bets.temp' is opened by 10464@DESKTOP-EUR96FK

[2023-10-18 19:59:08 #2 type] 
Type domain.Categoria is not enhanced.

[2023-10-18 19:59:08 #3 type] 
Type domain.User is not enhanced.

[2023-10-18 19:59:08 #4 type] 
Type domain.Tarjeta is not enhanced.

[2023-10-18 19:59:08 #5 type] 
Type domain.Combinada is not enhanced.

[2023-10-18 19:59:08 #6 type] 
Type domain.Historial is not enhanced.

[2023-10-18 19:59:08 #7 type] 
Type domain.Apuestas is not enhanced.

[2023-10-18 19:59:08 #8 type] 
Type domain.pronostico2 is not enhanced.

[2023-10-18 19:59:08 #9 type] 
Type domain.Question is not enhanced.

[2023-10-18 19:59:08 #10 type] 
Type domain.Event is not enhanced.

------------------------------------------------------------------------------------------------------------------------

[2023-10-18 20:04:04 #1 store] 
Database 'C:\Users\carlo\git\Bets21\src\main\resources\bets.temp' has been recovered (tr. 58-58)

[2023-10-18 20:04:04 #2 store] 
Database 'C:\Users\carlo\git\Bets21\src\main\resources\bets.temp' is opened by 9976@DESKTOP-EUR96FK

[2023-10-18 20:04:04 #3 type] 
Type domain.Categoria is not enhanced.

[2023-10-18 20:04:04 #4 type] 
Type domain.User is not enhanced.

[2023-10-18 20:04:04 #5 type] 
Type domain.Tarjeta is not enhanced.

[2023-10-18 20:04:04 #6 type] 
Type domain.Combinada is not enhanced.

[2023-10-18 20:04:04 #7 type] 
Type domain.Historial is not enhanced.

[2023-10-18 20:04:04 #8 type] 
Type domain.Apuestas is not enhanced.

[2023-10-18 20:04:04 #9 type] 
Type domain.pronostico2 is not enhanced.

[2023-10-18 20:04:04 #10 type] 
Type domain.Question is not enhanced.

[2023-10-18 20:04:04 #11 type] 
Type domain.Event is not enhanced.

------------------------------------------------------------------------------------------------------------------------

[2023-10-18 20:04:24 #1 store] 
Database 'C:\Users\carlo\git\Bets21\src\main\resources\bets.temp' is opened by 8504@DESKTOP-EUR96FK

[2023-10-18 20:04:24 #2 type] 
Type domain.Categoria is not enhanced.

[2023-10-18 20:04:24 #3 type] 
Type domain.User is not enhanced.

[2023-10-18 20:04:24 #4 type] 
Type domain.Tarjeta is not enhanced.

[2023-10-18 20:04:24 #5 type] 
Type domain.Combinada is not enhanced.

[2023-10-18 20:04:24 #6 type] 
Type domain.Historial is not enhanced.

[2023-10-18 20:04:24 #7 type] 
Type domain.Apuestas is not enhanced.

[2023-10-18 20:04:24 #8 type] 
Type domain.pronostico2 is not enhanced.

[2023-10-18 20:04:24 #9 type] 
Type domain.Question is not enhanced.

[2023-10-18 20:04:24 #10 type] 
Type domain.Event is not enhanced.

------------------------------------------------------------------------------------------------------------------------

[2023-10-18 20:06:00 #1 store] 
Database 'C:\Users\carlo\git\Bets21\src\main\resources\bets.temp' has been recovered (tr. 60-60)

[2023-10-18 20:06:00 #2 store] 
Database 'C:\Users\carlo\git\Bets21\src\main\resources\bets.temp' is opened by 17396@DESKTOP-EUR96FK

[2023-10-18 20:06:01 #3 type] 
Type domain.Categoria is not enhanced.

[2023-10-18 20:06:01 #4 type] 
Type domain.User is not enhanced.

[2023-10-18 20:06:01 #5 type] 
Type domain.Tarjeta is not enhanced.

[2023-10-18 20:06:01 #6 type] 
Type domain.Combinada is not enhanced.

[2023-10-18 20:06:01 #7 type] 
Type domain.Historial is not enhanced.

[2023-10-18 20:06:01 #8 type] 
Type domain.Apuestas is not enhanced.

[2023-10-18 20:06:01 #9 type] 
Type domain.pronostico2 is not enhanced.

[2023-10-18 20:06:01 #10 type] 
Type domain.Question is not enhanced.

[2023-10-18 20:06:01 #11 type] 
Type domain.Event is not enhanced.

------------------------------------------------------------------------------------------------------------------------

[2023-10-18 20:11:41 #1 store] 
Database 'C:\Users\carlo\git\Bets21\src\main\resources\bets.temp' is opened by 12980@DESKTOP-EUR96FK

[2023-10-18 20:11:41 #2 type] 
Type domain.Categoria is not enhanced.

[2023-10-18 20:11:41 #3 type] 
Type domain.User is not enhanced.

[2023-10-18 20:11:41 #4 type] 
Type domain.Tarjeta is not enhanced.

[2023-10-18 20:11:41 #5 type] 
Type domain.Combinada is not enhanced.

[2023-10-18 20:11:41 #6 type] 
Type domain.Historial is not enhanced.

[2023-10-18 20:11:41 #7 type] 
Type domain.Apuestas is not enhanced.

[2023-10-18 20:11:41 #8 type] 
Type domain.pronostico2 is not enhanced.

[2023-10-18 20:11:41 #9 type] 
Type domain.Question is not enhanced.

[2023-10-18 20:11:41 #10 type] 
Type domain.Event is not enhanced.

------------------------------------------------------------------------------------------------------------------------

[2023-10-18 20:13:57 #1 store] 
Database 'C:\Users\carlo\git\Bets21\src\main\resources\bets.temp' is opened by 15764@DESKTOP-EUR96FK

[2023-10-18 20:13:58 #2 type] 
Type domain.Categoria is not enhanced.

[2023-10-18 20:13:58 #3 type] 
Type domain.User is not enhanced.

[2023-10-18 20:13:58 #4 type] 
Type domain.Tarjeta is not enhanced.

[2023-10-18 20:13:58 #5 type] 
Type domain.Combinada is not enhanced.

[2023-10-18 20:13:58 #6 type] 
Type domain.Historial is not enhanced.

[2023-10-18 20:13:58 #7 type] 
Type domain.Apuestas is not enhanced.

[2023-10-18 20:13:58 #8 type] 
Type domain.pronostico2 is not enhanced.

[2023-10-18 20:13:58 #9 type] 
Type domain.Question is not enhanced.

[2023-10-18 20:13:58 #10 type] 
Type domain.Event is not enhanced.

------------------------------------------------------------------------------------------------------------------------

[2023-10-18 20:17:19 #1 store] 
Database 'C:\Users\carlo\git\Bets21\src\main\resources\bets.temp' has been recovered (tr. 62-62)

[2023-10-18 20:17:20 #2 store] 
Database 'C:\Users\carlo\git\Bets21\src\main\resources\bets.temp' is opened by 5852@DESKTOP-EUR96FK

[2023-10-18 20:17:20 #3 type] 
Type domain.Categoria is not enhanced.

[2023-10-18 20:17:20 #4 type] 
Type domain.User is not enhanced.

[2023-10-18 20:17:20 #5 type] 
Type domain.Tarjeta is not enhanced.

[2023-10-18 20:17:20 #6 type] 
Type domain.Combinada is not enhanced.

[2023-10-18 20:17:20 #7 type] 
Type domain.Historial is not enhanced.

[2023-10-18 20:17:20 #8 type] 
Type domain.Apuestas is not enhanced.

[2023-10-18 20:17:20 #9 type] 
Type domain.pronostico2 is not enhanced.

[2023-10-18 20:17:20 #10 type] 
Type domain.Question is not enhanced.

[2023-10-18 20:17:20 #11 type] 
Type domain.Event is not enhanced.

------------------------------------------------------------------------------------------------------------------------

[2023-10-18 20:17:37 #1 store] 
Database 'C:\Users\carlo\git\Bets21\src\main\resources\bets.temp' is opened by 16448@DESKTOP-EUR96FK

[2023-10-18 20:17:38 #2 type] 
Type domain.Categoria is not enhanced.

[2023-10-18 20:17:38 #3 type] 
Type domain.User is not enhanced.

[2023-10-18 20:17:38 #4 type] 
Type domain.Tarjeta is not enhanced.

[2023-10-18 20:17:38 #5 type] 
Type domain.Combinada is not enhanced.

[2023-10-18 20:17:38 #6 type] 
Type domain.Historial is not enhanced.

[2023-10-18 20:17:38 #7 type] 
Type domain.Apuestas is not enhanced.

[2023-10-18 20:17:38 #8 type] 
Type domain.pronostico2 is not enhanced.

[2023-10-18 20:17:38 #9 type] 
Type domain.Question is not enhanced.

[2023-10-18 20:17:38 #10 type] 
Type domain.Event is not enhanced.

------------------------------------------------------------------------------------------------------------------------

[2023-10-18 20:18:55 #1 store] 
Database 'C:\Users\carlo\git\Bets21\src\main\resources\bets.temp' is opened by 14432@DESKTOP-EUR96FK

[2023-10-18 20:18:55 #2 type] 
Type domain.Categoria is not enhanced.

[2023-10-18 20:18:55 #3 type] 
Type domain.User is not enhanced.

[2023-10-18 20:18:55 #4 type] 
Type domain.Tarjeta is not enhanced.

[2023-10-18 20:18:55 #5 type] 
Type domain.Combinada is not enhanced.

[2023-10-18 20:18:55 #6 type] 
Type domain.Historial is not enhanced.

[2023-10-18 20:18:55 #7 type] 
Type domain.Apuestas is not enhanced.

[2023-10-18 20:18:55 #8 type] 
Type domain.pronostico2 is not enhanced.

[2023-10-18 20:18:55 #9 type] 
Type domain.Question is not enhanced.

[2023-10-18 20:18:55 #10 type] 
Type domain.Event is not enhanced.

------------------------------------------------------------------------------------------------------------------------

[2023-10-18 20:19:16 #1 store] 
Database 'C:\Users\carlo\git\Bets21\src\main\resources\bets.temp' is opened by 8172@DESKTOP-EUR96FK

[2023-10-18 20:19:16 #2 type] 
Type domain.Categoria is not enhanced.

[2023-10-18 20:19:16 #3 type] 
Type domain.User is not enhanced.

[2023-10-18 20:19:16 #4 type] 
Type domain.Tarjeta is not enhanced.

[2023-10-18 20:19:16 #5 type] 
Type domain.Combinada is not enhanced.

[2023-10-18 20:19:16 #6 type] 
Type domain.Historial is not enhanced.

[2023-10-18 20:19:16 #7 type] 
Type domain.Apuestas is not enhanced.

[2023-10-18 20:19:16 #8 type] 
Type domain.pronostico2 is not enhanced.

[2023-10-18 20:19:16 #9 type] 
Type domain.Question is not enhanced.

[2023-10-18 20:19:16 #10 type] 
Type domain.Event is not enhanced.

------------------------------------------------------------------------------------------------------------------------

[2023-10-18 20:21:48 #1 store] 
Database 'C:\Users\carlo\git\Bets21\src\main\resources\bets.temp' has been recovered (tr. 64-64)

[2023-10-18 20:21:48 #2 store] 
Database 'C:\Users\carlo\git\Bets21\src\main\resources\bets.temp' is opened by 4480@DESKTOP-EUR96FK

[2023-10-18 20:21:48 #3 type] 
Type domain.Categoria is not enhanced.

[2023-10-18 20:21:48 #4 type] 
Type domain.User is not enhanced.

[2023-10-18 20:21:48 #5 type] 
Type domain.Tarjeta is not enhanced.

[2023-10-18 20:21:48 #6 type] 
Type domain.Combinada is not enhanced.

[2023-10-18 20:21:48 #7 type] 
Type domain.Historial is not enhanced.

[2023-10-18 20:21:48 #8 type] 
Type domain.Apuestas is not enhanced.

[2023-10-18 20:21:48 #9 type] 
Type domain.pronostico2 is not enhanced.

[2023-10-18 20:21:48 #10 type] 
Type domain.Question is not enhanced.

[2023-10-18 20:21:48 #11 type] 
Type domain.Event is not enhanced.

------------------------------------------------------------------------------------------------------------------------

[2023-10-18 20:22:04 #1 store] 
Database 'C:\Users\carlo\git\Bets21\src\main\resources\bets.temp' is opened by 17928@DESKTOP-EUR96FK

[2023-10-18 20:22:04 #2 type] 
Type domain.Categoria is not enhanced.

[2023-10-18 20:22:04 #3 type] 
Type domain.User is not enhanced.

[2023-10-18 20:22:04 #4 type] 
Type domain.Tarjeta is not enhanced.

[2023-10-18 20:22:04 #5 type] 
Type domain.Combinada is not enhanced.

[2023-10-18 20:22:04 #6 type] 
Type domain.Historial is not enhanced.

[2023-10-18 20:22:04 #7 type] 
Type domain.Apuestas is not enhanced.

[2023-10-18 20:22:04 #8 type] 
Type domain.pronostico2 is not enhanced.

[2023-10-18 20:22:04 #9 type] 
Type domain.Question is not enhanced.

[2023-10-18 20:22:04 #10 type] 
Type domain.Event is not enhanced.

------------------------------------------------------------------------------------------------------------------------

[2023-10-18 20:30:06 #1 store] 
Database 'C:\Users\carlo\git\Bets21\src\main\resources\bets.temp' has been recovered (tr. 66-67)

[2023-10-18 20:30:06 #2 store] 
Database 'C:\Users\carlo\git\Bets21\src\main\resources\bets.temp' is opened by 14780@DESKTOP-EUR96FK

[2023-10-18 20:30:06 #3 type] 
Type domain.Categoria is not enhanced.

[2023-10-18 20:30:06 #4 type] 
Type domain.User is not enhanced.

[2023-10-18 20:30:06 #5 type] 
Type domain.Tarjeta is not enhanced.

[2023-10-18 20:30:06 #6 type] 
Type domain.Combinada is not enhanced.

[2023-10-18 20:30:06 #7 type] 
Type domain.Historial is not enhanced.

[2023-10-18 20:30:06 #8 type] 
Type domain.Apuestas is not enhanced.

[2023-10-18 20:30:06 #9 type] 
Type domain.pronostico2 is not enhanced.

[2023-10-18 20:30:06 #10 type] 
Type domain.Question is not enhanced.

[2023-10-18 20:30:06 #11 type] 
Type domain.Event is not enhanced.

------------------------------------------------------------------------------------------------------------------------

[2023-10-18 20:45:13 #1 store] 
Database 'C:\Users\carlo\git\Bets21\src\main\resources\bets.temp' is opened by 3128@DESKTOP-EUR96FK

[2023-10-18 20:45:14 #2 type] 
Type domain.Categoria is not enhanced.

[2023-10-18 20:45:14 #3 type] 
Type domain.User is not enhanced.

[2023-10-18 20:45:14 #4 type] 
Type domain.Tarjeta is not enhanced.

[2023-10-18 20:45:14 #5 type] 
Type domain.Combinada is not enhanced.

[2023-10-18 20:45:14 #6 type] 
Type domain.Historial is not enhanced.

[2023-10-18 20:45:14 #7 type] 
Type domain.Apuestas is not enhanced.

[2023-10-18 20:45:14 #8 type] 
Type domain.pronostico2 is not enhanced.

[2023-10-18 20:45:14 #9 type] 
Type domain.Question is not enhanced.

[2023-10-18 20:45:14 #10 type] 
Type domain.Event is not enhanced.

------------------------------------------------------------------------------------------------------------------------

[2023-10-18 20:46:00 #1 store] 
Database 'C:\Users\carlo\git\Bets21\src\main\resources\bets.temp' is opened by 7264@DESKTOP-EUR96FK

[2023-10-18 20:46:00 #2 type] 
Type domain.Categoria is not enhanced.

[2023-10-18 20:46:00 #3 type] 
Type domain.User is not enhanced.

[2023-10-18 20:46:00 #4 type] 
Type domain.Tarjeta is not enhanced.

[2023-10-18 20:46:00 #5 type] 
Type domain.Combinada is not enhanced.

[2023-10-18 20:46:00 #6 type] 
Type domain.Historial is not enhanced.

[2023-10-18 20:46:00 #7 type] 
Type domain.Apuestas is not enhanced.

[2023-10-18 20:46:00 #8 type] 
Type domain.pronostico2 is not enhanced.

[2023-10-18 20:46:00 #9 type] 
Type domain.Question is not enhanced.

[2023-10-18 20:46:00 #10 type] 
Type domain.Event is not enhanced.

------------------------------------------------------------------------------------------------------------------------

[2023-10-18 20:46:11 #1 store] 
Database 'C:\Users\carlo\git\Bets21\src\main\resources\bets.temp' has been recovered (tr. 69-70)

[2023-10-18 20:46:11 #2 store] 
Database 'C:\Users\carlo\git\Bets21\src\main\resources\bets.temp' is opened by 2060@DESKTOP-EUR96FK

[2023-10-18 20:46:12 #3 type] 
Type domain.Categoria is not enhanced.

[2023-10-18 20:46:12 #4 type] 
Type domain.User is not enhanced.

[2023-10-18 20:46:12 #5 type] 
Type domain.Tarjeta is not enhanced.

[2023-10-18 20:46:12 #6 type] 
Type domain.Combinada is not enhanced.

[2023-10-18 20:46:12 #7 type] 
Type domain.Historial is not enhanced.

[2023-10-18 20:46:12 #8 type] 
Type domain.Apuestas is not enhanced.

[2023-10-18 20:46:12 #9 type] 
Type domain.pronostico2 is not enhanced.

[2023-10-18 20:46:12 #10 type] 
Type domain.Question is not enhanced.

[2023-10-18 20:46:12 #11 type] 
Type domain.Event is not enhanced.

------------------------------------------------------------------------------------------------------------------------

[2023-10-18 20:50:32 #1 store] 
Database 'C:\Users\carlo\git\Bets21\src\main\resources\bets.temp' has been recovered (tr. 72-73)

[2023-10-18 20:50:32 #2 store] 
Database 'C:\Users\carlo\git\Bets21\src\main\resources\bets.temp' is opened by 9364@DESKTOP-EUR96FK

[2023-10-18 20:50:32 #3 type] 
Type domain.Categoria is not enhanced.

[2023-10-18 20:50:32 #4 type] 
Type domain.User is not enhanced.

[2023-10-18 20:50:32 #5 type] 
Type domain.Tarjeta is not enhanced.

[2023-10-18 20:50:32 #6 type] 
Type domain.Combinada is not enhanced.

[2023-10-18 20:50:32 #7 type] 
Type domain.Historial is not enhanced.

[2023-10-18 20:50:32 #8 type] 
Type domain.Apuestas is not enhanced.

[2023-10-18 20:50:32 #9 type] 
Type domain.pronostico2 is not enhanced.

[2023-10-18 20:50:32 #10 type] 
Type domain.Question is not enhanced.

[2023-10-18 20:50:32 #11 type] 
Type domain.Event is not enhanced.

------------------------------------------------------------------------------------------------------------------------

[2023-10-18 20:51:14 #1 store] 
Database 'C:\Users\carlo\git\Bets21\src\main\resources\bets.temp' has been recovered (tr. 75-76)

[2023-10-18 20:51:15 #2 store] 
Database 'C:\Users\carlo\git\Bets21\src\main\resources\bets.temp' is opened by 13984@DESKTOP-EUR96FK

[2023-10-18 20:51:15 #3 type] 
Type domain.Categoria is not enhanced.

[2023-10-18 20:51:15 #4 type] 
Type domain.User is not enhanced.

[2023-10-18 20:51:15 #5 type] 
Type domain.Tarjeta is not enhanced.

[2023-10-18 20:51:15 #6 type] 
Type domain.Combinada is not enhanced.

[2023-10-18 20:51:15 #7 type] 
Type domain.Historial is not enhanced.

[2023-10-18 20:51:15 #8 type] 
Type domain.Apuestas is not enhanced.

[2023-10-18 20:51:15 #9 type] 
Type domain.pronostico2 is not enhanced.

[2023-10-18 20:51:15 #10 type] 
Type domain.Question is not enhanced.

[2023-10-18 20:51:15 #11 type] 
Type domain.Event is not enhanced.

------------------------------------------------------------------------------------------------------------------------

[2023-10-18 20:51:48 #1 store] 
Database 'C:\Users\carlo\git\Bets21\src\main\resources\bets.temp' is opened by 13652@DESKTOP-EUR96FK

[2023-10-18 20:51:48 #2 type] 
Type domain.Categoria is not enhanced.

[2023-10-18 20:51:48 #3 type] 
Type domain.User is not enhanced.

[2023-10-18 20:51:48 #4 type] 
Type domain.Tarjeta is not enhanced.

[2023-10-18 20:51:48 #5 type] 
Type domain.Combinada is not enhanced.

[2023-10-18 20:51:48 #6 type] 
Type domain.Historial is not enhanced.

[2023-10-18 20:51:48 #7 type] 
Type domain.Apuestas is not enhanced.

[2023-10-18 20:51:48 #8 type] 
Type domain.pronostico2 is not enhanced.

[2023-10-18 20:51:48 #9 type] 
Type domain.Question is not enhanced.

[2023-10-18 20:51:48 #10 type] 
Type domain.Event is not enhanced.

------------------------------------------------------------------------------------------------------------------------

[2023-10-18 21:40:33 #1 store] 
Database 'C:\Users\carlo\git\Bets21\src\main\resources\bets.temp' has been recovered (tr. 78-79)

[2023-10-18 21:40:33 #2 store] 
Database 'C:\Users\carlo\git\Bets21\src\main\resources\bets.temp' is opened by 14688@DESKTOP-EUR96FK

[2023-10-18 21:40:33 #3 type] 
Type domain.Categoria is not enhanced.

[2023-10-18 21:40:33 #4 type] 
Type domain.User is not enhanced.

[2023-10-18 21:40:33 #5 type] 
Type domain.Tarjeta is not enhanced.

[2023-10-18 21:40:33 #6 type] 
Type domain.Combinada is not enhanced.

[2023-10-18 21:40:33 #7 type] 
Type domain.Historial is not enhanced.

[2023-10-18 21:40:33 #8 type] 
Type domain.Apuestas is not enhanced.

[2023-10-18 21:40:33 #9 type] 
Type domain.pronostico2 is not enhanced.

[2023-10-18 21:40:33 #10 type] 
Type domain.Question is not enhanced.

[2023-10-18 21:40:33 #11 type] 
Type domain.Event is not enhanced.

------------------------------------------------------------------------------------------------------------------------

[2023-10-18 21:47:23 #1 store] 
Database 'C:\Users\carlo\git\Bets21\src\main\resources\bets.temp' is opened by 11172@DESKTOP-EUR96FK

[2023-10-18 21:47:23 #2 type] 
Type domain.Categoria is not enhanced.

[2023-10-18 21:47:23 #3 type] 
Type domain.User is not enhanced.

[2023-10-18 21:47:23 #4 type] 
Type domain.Tarjeta is not enhanced.

[2023-10-18 21:47:23 #5 type] 
Type domain.Combinada is not enhanced.

[2023-10-18 21:47:23 #6 type] 
Type domain.Historial is not enhanced.

[2023-10-18 21:47:23 #7 type] 
Type domain.Apuestas is not enhanced.

[2023-10-18 21:47:23 #8 type] 
Type domain.pronostico2 is not enhanced.

[2023-10-18 21:47:23 #9 type] 
Type domain.Question is not enhanced.

[2023-10-18 21:47:23 #10 type] 
Type domain.Event is not enhanced.

------------------------------------------------------------------------------------------------------------------------

[2023-10-18 21:48:55 #1 store] 
Database 'C:\Users\carlo\git\Bets21\src\main\resources\bets.temp' has been recovered (tr. 80-80)

[2023-10-18 21:48:55 #2 store] 
Database 'C:\Users\carlo\git\Bets21\src\main\resources\bets.temp' is opened by 6356@DESKTOP-EUR96FK

[2023-10-18 21:48:56 #3 type] 
Type domain.Categoria is not enhanced.

[2023-10-18 21:48:56 #4 type] 
Type domain.User is not enhanced.

[2023-10-18 21:48:56 #5 type] 
Type domain.Tarjeta is not enhanced.

[2023-10-18 21:48:56 #6 type] 
Type domain.Combinada is not enhanced.

[2023-10-18 21:48:56 #7 type] 
Type domain.Historial is not enhanced.

[2023-10-18 21:48:56 #8 type] 
Type domain.Apuestas is not enhanced.

[2023-10-18 21:48:56 #9 type] 
Type domain.pronostico2 is not enhanced.

[2023-10-18 21:48:56 #10 type] 
Type domain.Question is not enhanced.

[2023-10-18 21:48:56 #11 type] 
Type domain.Event is not enhanced.

------------------------------------------------------------------------------------------------------------------------

[2023-10-18 21:50:09 #1 store] 
Database 'C:\Users\carlo\git\Bets21\src\main\resources\bets.temp' is opened by 9640@DESKTOP-EUR96FK

[2023-10-18 21:50:09 #2 type] 
Type domain.Categoria is not enhanced.

[2023-10-18 21:50:09 #3 type] 
Type domain.User is not enhanced.

[2023-10-18 21:50:09 #4 type] 
Type domain.Tarjeta is not enhanced.

[2023-10-18 21:50:09 #5 type] 
Type domain.Combinada is not enhanced.

[2023-10-18 21:50:09 #6 type] 
Type domain.Historial is not enhanced.

[2023-10-18 21:50:09 #7 type] 
Type domain.Apuestas is not enhanced.

[2023-10-18 21:50:09 #8 type] 
Type domain.pronostico2 is not enhanced.

[2023-10-18 21:50:09 #9 type] 
Type domain.Question is not enhanced.

[2023-10-18 21:50:09 #10 type] 
Type domain.Event is not enhanced.

------------------------------------------------------------------------------------------------------------------------

[2023-10-18 21:50:42 #1 store] 
Database 'C:\Users\carlo\git\Bets21\src\main\resources\bets.temp' is opened by 11612@DESKTOP-EUR96FK

[2023-10-18 21:50:42 #2 type] 
Type domain.Categoria is not enhanced.

[2023-10-18 21:50:42 #3 type] 
Type domain.User is not enhanced.

[2023-10-18 21:50:42 #4 type] 
Type domain.Tarjeta is not enhanced.

[2023-10-18 21:50:42 #5 type] 
Type domain.Combinada is not enhanced.

[2023-10-18 21:50:42 #6 type] 
Type domain.Historial is not enhanced.

[2023-10-18 21:50:42 #7 type] 
Type domain.Apuestas is not enhanced.

[2023-10-18 21:50:42 #8 type] 
Type domain.pronostico2 is not enhanced.

[2023-10-18 21:50:42 #9 type] 
Type domain.Question is not enhanced.

[2023-10-18 21:50:42 #10 type] 
Type domain.Event is not enhanced.

------------------------------------------------------------------------------------------------------------------------

[2023-10-18 21:52:02 #1 store] 
Database 'C:\Users\carlo\git\Bets21\src\main\resources\bets.temp' is opened by 1644@DESKTOP-EUR96FK

[2023-10-18 21:52:03 #2 type] 
Type domain.Categoria is not enhanced.

[2023-10-18 21:52:03 #3 type] 
Type domain.User is not enhanced.

[2023-10-18 21:52:03 #4 type] 
Type domain.Tarjeta is not enhanced.

[2023-10-18 21:52:03 #5 type] 
Type domain.Combinada is not enhanced.

[2023-10-18 21:52:03 #6 type] 
Type domain.Historial is not enhanced.

[2023-10-18 21:52:03 #7 type] 
Type domain.Apuestas is not enhanced.

[2023-10-18 21:52:03 #8 type] 
Type domain.pronostico2 is not enhanced.

[2023-10-18 21:52:03 #9 type] 
Type domain.Question is not enhanced.

[2023-10-18 21:52:03 #10 type] 
Type domain.Event is not enhanced.

------------------------------------------------------------------------------------------------------------------------

[2023-10-18 21:52:22 #1 store] 
Database 'C:\Users\carlo\git\Bets21\src\main\resources\bets.temp' is opened by 16972@DESKTOP-EUR96FK

[2023-10-18 21:52:22 #2 type] 
Type domain.Categoria is not enhanced.

[2023-10-18 21:52:22 #3 type] 
Type domain.User is not enhanced.

[2023-10-18 21:52:22 #4 type] 
Type domain.Tarjeta is not enhanced.

[2023-10-18 21:52:22 #5 type] 
Type domain.Combinada is not enhanced.

[2023-10-18 21:52:22 #6 type] 
Type domain.Historial is not enhanced.

[2023-10-18 21:52:22 #7 type] 
Type domain.Apuestas is not enhanced.

[2023-10-18 21:52:22 #8 type] 
Type domain.pronostico2 is not enhanced.

[2023-10-18 21:52:22 #9 type] 
Type domain.Question is not enhanced.

[2023-10-18 21:52:22 #10 type] 
Type domain.Event is not enhanced.

------------------------------------------------------------------------------------------------------------------------

[2023-10-18 21:54:42 #1 store] 
Database 'C:\Users\carlo\git\Bets21\src\main\resources\bets.temp' is opened by 14800@DESKTOP-EUR96FK

[2023-10-18 21:54:42 #2 type] 
Type domain.Categoria is not enhanced.

[2023-10-18 21:54:42 #3 type] 
Type domain.User is not enhanced.

[2023-10-18 21:54:42 #4 type] 
Type domain.Tarjeta is not enhanced.

[2023-10-18 21:54:42 #5 type] 
Type domain.Combinada is not enhanced.

[2023-10-18 21:54:42 #6 type] 
Type domain.Historial is not enhanced.

[2023-10-18 21:54:42 #7 type] 
Type domain.Apuestas is not enhanced.

[2023-10-18 21:54:42 #8 type] 
Type domain.pronostico2 is not enhanced.

[2023-10-18 21:54:42 #9 type] 
Type domain.Question is not enhanced.

[2023-10-18 21:54:42 #10 type] 
Type domain.Event is not enhanced.

------------------------------------------------------------------------------------------------------------------------

[2023-10-18 21:55:25 #1 store] 
Database 'C:\Users\carlo\git\Bets21\src\main\resources\bets.temp' is opened by 2736@DESKTOP-EUR96FK

[2023-10-18 21:55:25 #2 type] 
Type domain.Categoria is not enhanced.

[2023-10-18 21:55:25 #3 type] 
Type domain.User is not enhanced.

[2023-10-18 21:55:25 #4 type] 
Type domain.Tarjeta is not enhanced.

[2023-10-18 21:55:25 #5 type] 
Type domain.Combinada is not enhanced.

[2023-10-18 21:55:25 #6 type] 
Type domain.Historial is not enhanced.

[2023-10-18 21:55:25 #7 type] 
Type domain.Apuestas is not enhanced.

[2023-10-18 21:55:25 #8 type] 
Type domain.pronostico2 is not enhanced.

[2023-10-18 21:55:25 #9 type] 
Type domain.Question is not enhanced.

[2023-10-18 21:55:25 #10 type] 
Type domain.Event is not enhanced.

------------------------------------------------------------------------------------------------------------------------

[2023-10-18 21:57:34 #1 store] 
Database 'C:\Users\carlo\git\Bets21\src\main\resources\bets.temp' is opened by 17156@DESKTOP-EUR96FK

[2023-10-18 21:57:35 #2 type] 
Type domain.Categoria is not enhanced.

[2023-10-18 21:57:35 #3 type] 
Type domain.User is not enhanced.

[2023-10-18 21:57:35 #4 type] 
Type domain.Tarjeta is not enhanced.

[2023-10-18 21:57:35 #5 type] 
Type domain.Combinada is not enhanced.

[2023-10-18 21:57:35 #6 type] 
Type domain.Historial is not enhanced.

[2023-10-18 21:57:35 #7 type] 
Type domain.Apuestas is not enhanced.

[2023-10-18 21:57:35 #8 type] 
Type domain.pronostico2 is not enhanced.

[2023-10-18 21:57:35 #9 type] 
Type domain.Question is not enhanced.

[2023-10-18 21:57:35 #10 type] 
Type domain.Event is not enhanced.

------------------------------------------------------------------------------------------------------------------------

[2023-10-18 21:58:36 #1 store] 
Database 'C:\Users\carlo\git\Bets21\src\main\resources\bets.temp' has been recovered (tr. 81-81)

[2023-10-18 21:58:36 #2 store] 
Database 'C:\Users\carlo\git\Bets21\src\main\resources\bets.temp' is opened by 11236@DESKTOP-EUR96FK

[2023-10-18 21:58:36 #3 type] 
Type domain.Categoria is not enhanced.

[2023-10-18 21:58:36 #4 type] 
Type domain.User is not enhanced.

[2023-10-18 21:58:36 #5 type] 
Type domain.Tarjeta is not enhanced.

[2023-10-18 21:58:36 #6 type] 
Type domain.Combinada is not enhanced.

[2023-10-18 21:58:36 #7 type] 
Type domain.Historial is not enhanced.

[2023-10-18 21:58:36 #8 type] 
Type domain.Apuestas is not enhanced.

[2023-10-18 21:58:36 #9 type] 
Type domain.pronostico2 is not enhanced.

[2023-10-18 21:58:36 #10 type] 
Type domain.Question is not enhanced.

[2023-10-18 21:58:36 #11 type] 
Type domain.Event is not enhanced.

------------------------------------------------------------------------------------------------------------------------

[2023-10-18 22:06:36 #1 store] 
Database 'C:\Users\carlo\git\Bets21\src\main\resources\bets.temp' has been recovered (tr. 82-83)

[2023-10-18 22:06:36 #2 store] 
Database 'C:\Users\carlo\git\Bets21\src\main\resources\bets.temp' is opened by 9196@DESKTOP-EUR96FK

[2023-10-18 22:06:37 #3 type] 
Type domain.Categoria is not enhanced.

[2023-10-18 22:06:37 #4 type] 
Type domain.User is not enhanced.

[2023-10-18 22:06:37 #5 type] 
Type domain.Tarjeta is not enhanced.

[2023-10-18 22:06:37 #6 type] 
Type domain.Combinada is not enhanced.

[2023-10-18 22:06:37 #7 type] 
Type domain.Historial is not enhanced.

[2023-10-18 22:06:37 #8 type] 
Type domain.Apuestas is not enhanced.

[2023-10-18 22:06:37 #9 type] 
Type domain.pronostico2 is not enhanced.

[2023-10-18 22:06:37 #10 type] 
Type domain.Question is not enhanced.

[2023-10-18 22:06:37 #11 type] 
Type domain.Event is not enhanced.

------------------------------------------------------------------------------------------------------------------------

[2023-10-18 22:08:47 #1 store] 
Database 'C:\Users\carlo\git\Bets21\src\main\resources\bets.temp' is opened by 1980@DESKTOP-EUR96FK

[2023-10-18 22:08:47 #2 type] 
Type domain.Categoria is not enhanced.

[2023-10-18 22:08:47 #3 type] 
Type domain.User is not enhanced.

[2023-10-18 22:08:47 #4 type] 
Type domain.Tarjeta is not enhanced.

[2023-10-18 22:08:47 #5 type] 
Type domain.Combinada is not enhanced.

[2023-10-18 22:08:47 #6 type] 
Type domain.Historial is not enhanced.

[2023-10-18 22:08:47 #7 type] 
Type domain.Apuestas is not enhanced.

[2023-10-18 22:08:47 #8 type] 
Type domain.pronostico2 is not enhanced.

[2023-10-18 22:08:47 #9 type] 
Type domain.Question is not enhanced.

[2023-10-18 22:08:47 #10 type] 
Type domain.Event is not enhanced.

------------------------------------------------------------------------------------------------------------------------

[2023-10-18 22:09:17 #1 store] 
Database 'C:\Users\carlo\git\Bets21\src\main\resources\bets.temp' has been recovered (tr. 84-84)

[2023-10-18 22:09:17 #2 store] 
Database 'C:\Users\carlo\git\Bets21\src\main\resources\bets.temp' is opened by 13844@DESKTOP-EUR96FK

[2023-10-18 22:09:17 #3 type] 
Type domain.Categoria is not enhanced.

[2023-10-18 22:09:17 #4 type] 
Type domain.User is not enhanced.

[2023-10-18 22:09:17 #5 type] 
Type domain.Tarjeta is not enhanced.

[2023-10-18 22:09:17 #6 type] 
Type domain.Combinada is not enhanced.

[2023-10-18 22:09:17 #7 type] 
Type domain.Historial is not enhanced.

[2023-10-18 22:09:17 #8 type] 
Type domain.Apuestas is not enhanced.

[2023-10-18 22:09:17 #9 type] 
Type domain.pronostico2 is not enhanced.

[2023-10-18 22:09:17 #10 type] 
Type domain.Question is not enhanced.

[2023-10-18 22:09:17 #11 type] 
Type domain.Event is not enhanced.

------------------------------------------------------------------------------------------------------------------------

[2023-10-18 22:09:49 #1 store] 
Database 'C:\Users\carlo\git\Bets21\src\main\resources\bets.temp' has been recovered (tr. 85-85)

[2023-10-18 22:09:49 #2 store] 
Database 'C:\Users\carlo\git\Bets21\src\main\resources\bets.temp' is opened by 6720@DESKTOP-EUR96FK

[2023-10-18 22:09:50 #3 type] 
Type domain.Categoria is not enhanced.

[2023-10-18 22:09:50 #4 type] 
Type domain.User is not enhanced.

[2023-10-18 22:09:50 #5 type] 
Type domain.Tarjeta is not enhanced.

[2023-10-18 22:09:50 #6 type] 
Type domain.Combinada is not enhanced.

[2023-10-18 22:09:50 #7 type] 
Type domain.Historial is not enhanced.

[2023-10-18 22:09:50 #8 type] 
Type domain.Apuestas is not enhanced.

[2023-10-18 22:09:50 #9 type] 
Type domain.pronostico2 is not enhanced.

[2023-10-18 22:09:50 #10 type] 
Type domain.Question is not enhanced.

[2023-10-18 22:09:50 #11 type] 
Type domain.Event is not enhanced.

